<?xml version="1.0" encoding="UTF-8"?>
<!-- Generated by org.testng.reporters.JUnitXMLReporter -->
<testsuite ignored="0" hostname="LTIN488151" failures="3" tests="13" name="Test" time="0.102" errors="0" timestamp="2024-03-21T14:39:19 IST">
  <testcase classname="Test2.T1" name="search" time="0.008"/>
  <testcase classname="Test2.T1" name="advacedsearch" time="0.001"/>
  <testcase classname="Test2.T3" name="openapp" time="0.004"/>
  <testcase classname="Test2.T3" name="login" time="0.001"/>
  <testcase classname="Test2.T3" name="search" time="0.005">
    <failure type="java.lang.AssertionError" message="expected [true] but found [false]">
      <![CDATA[java.lang.AssertionError: expected [true] but found [false]
at Test2.T3.search(T3.java:23)
at java.base/java.util.ArrayList.forEach(ArrayList.java:1511)
... Removed 31 stack frames]]>
    </failure>
  </testcase> <!-- search -->
  <testcase classname="Test2.T3" name="advsearch" time="0.0">
    <skipped/>
  </testcase> <!-- advsearch -->
  <testcase classname="Test2.T3" name="logout" time="0.002"/>
  <testcase classname="Test2.T2" name="search" time="0.001"/>
  <testcase classname="Test2.T2" name="advacedsearch" time="0.002"/>
  <testcase classname="Test2.T5" name="test_softassertions" time="0.006">
    <failure type="java.lang.AssertionError" message="The following asserts failed:
	expected [2] but found [1]">
      <![CDATA[java.lang.AssertionError: The following asserts failed:
expected [2] but found [1]
at Test2.T5.test_softassertions(T5.java:38)
at java.base/java.util.ArrayList.forEach(ArrayList.java:1511)
... Removed 29 stack frames]]>
    </failure>
  </testcase> <!-- test_softassertions -->
  <testcase classname="Test2.T4" name="test" time="0.001">
    <failure type="java.lang.AssertionError" message="null">
      <![CDATA[java.lang.AssertionError: null
at Test2.T4.test(T4.java:50)
at java.base/java.util.ArrayList.forEach(ArrayList.java:1511)
... Removed 29 stack frames]]>
    </failure>
  </testcase> <!-- test -->
  <testcase classname="Test2.T6" name="tm1" time="0.001"/>
  <testcase classname="Test2.T6" name="tm2" time="0.0"/>
</testsuite> <!-- Test -->
